<?xml version="1.0" encoding="UTF-8"?>
<!-- Generated by org.testng.reporters.JUnitReportReporter -->
<testsuite hostname="DESKTOP-24M7K4D" failures="0" tests="1" name="package1.HMS2Test" time="0.020" errors="0" timestamp="2024-01-13T14:50:33 IST" skipped="0">
  <testcase classname="package1.HMS2Test" name="HMS2" time="0.020"/>
  <system-out/>
</testsuite> <!-- package1.HMS2Test -->
