<?xml version="1.0" encoding="UTF-8"?>
<!-- Generated by org.testng.reporters.JUnitReportReporter -->
<testsuite hostname="DESKTOP-24M7K4D" failures="0" tests="1" name="package2.CRM2Test" time="0.019" errors="0" timestamp="2024-01-13T14:50:15 IST" skipped="0">
  <testcase classname="package2.CRM2Test" name="CRM2" time="0.019"/>
  <system-out/>
</testsuite> <!-- package2.CRM2Test -->
