<?xml version="1.0" encoding="UTF-8"?>
<!-- Generated by org.testng.reporters.JUnitReportReporter -->
<testsuite hostname="DESKTOP-24M7K4D" failures="0" tests="1" name="package2.CRM1Test" time="0.007" errors="0" timestamp="2024-01-13T14:50:15 IST" skipped="0">
  <testcase classname="package2.CRM1Test" name="CRM1" time="0.007"/>
  <system-out/>
</testsuite> <!-- package2.CRM1Test -->
